<?xml version="1.0" encoding="UTF-8"?>
<testng-results skipped="0" failed="0" total="1" passed="1">
  <reporter-output>
  </reporter-output>
  <suite name="Default suite" duration-ms="25604" started-at="2015-03-23T13:54:45Z" finished-at="2015-03-23T13:55:10Z">
    <groups>
    </groups>
    <test name="Default test" duration-ms="25604" started-at="2015-03-23T13:54:45Z" finished-at="2015-03-23T13:55:10Z">
      <class name="testCase.testsendemial">
        <test-method status="PASS" signature="teest()[pri:0, instance:testCase.testsendemial@170c109]" name="teest" duration-ms="25593" started-at="2015-03-23T19:24:45Z" finished-at="2015-03-23T19:25:10Z">
          <reporter-output>
          </reporter-output>
        </test-method> <!-- teest -->
      </class> <!-- testCase.testsendemial -->
    </test> <!-- Default test -->
  </suite> <!-- Default suite -->
</testng-results>
