<?xml version="1.0" encoding="UTF-8"?>
<!-- Generated by org.testng.reporters.JUnitXMLReporter -->
<testsuite hostname="PMISHRA-LAPTOP" name="KHECQuadMonitor_FireFox" tests="2" failures="2" timestamp="25 Mar 2015 06:48:17 GMT" time="56.03" errors="0">
  <testcase name="@AfterClass AfterNavigation" time="0.0" classname="testCase.CheckAdmin">
    <failure type="java.lang.NullPointerException">
      <![CDATA[java.lang.NullPointerException
	at testCase.CheckAdmin.AfterNavigation(Unknown Source)
... Removed 23 stack frames]]>
    </failure>
  </testcase> <!-- @AfterClass AfterNavigation -->
  <testcase name="MonitorKHECQuadServer" time="0.001" classname="testCase.CheckAdmin">
    <failure type="java.lang.NullPointerException">
      <![CDATA[java.lang.NullPointerException
	at testCase.CheckAdmin.MonitorKHECQuadServer(Unknown Source)
... Removed 23 stack frames]]>
    </failure>
  </testcase> <!-- MonitorKHECQuadServer -->
  <testcase name="MonitorKHECQuadServer" time="0.012" classname="testCase.CheckAdmin">
    <failure type="java.lang.NullPointerException">
      <![CDATA[java.lang.NullPointerException
	at java.lang.String.concat(Unknown Source)
	at commonfunctions.ScreenShotOnTestFailure.takeSnapShot(Unknown Source)
	at commonfunctions.ScreenShotOnTestFailure.onTestFailure(Unknown Source)
... Removed 20 stack frames]]>
    </failure>
  </testcase> <!-- MonitorKHECQuadServer -->
</testsuite> <!-- KHECQuadMonitor_FireFox -->
